app/build/intermediates/manifest_merge_blame_file/debug/manifest-merger-blame-debug-report.txt
1<?xml version="1.0" encoding="utf-8"?>
2<manifest xmlns:android="http://schemas.android.com/apk/res/android"
3    package="com.example.android.wifidirect"
4    android:versionCode="1"
5    android:versionName="1.0" >
6
7    <uses-sdk
8        android:minSdkVersion="19"
8-->src\main\AndroidManifest.xml
9        android:targetSdkVersion="28" />
9-->src\main\AndroidManifest.xml
10
11    <!-- runtime permission check API is on Android 6.0 or higher -->
12    <uses-permission android:name="android.permission.ACCESS_WIFI_STATE" />
12-->src\main\AndroidManifest.xml:6:5-76
12-->src\main\AndroidManifest.xml:6:22-73
13    <uses-permission android:name="android.permission.CHANGE_WIFI_STATE" />
13-->src\main\AndroidManifest.xml:7:5-76
13-->src\main\AndroidManifest.xml:7:22-73
14    <uses-permission android:name="android.permission.CHANGE_NETWORK_STATE" />
14-->src\main\AndroidManifest.xml:8:5-79
14-->src\main\AndroidManifest.xml:8:22-76
15    <uses-permission android:name="android.permission.INTERNET" />
15-->src\main\AndroidManifest.xml:9:5-67
15-->src\main\AndroidManifest.xml:9:22-64
16    <uses-permission android:name="android.permission.ACCESS_NETWORK_STATE" />
16-->src\main\AndroidManifest.xml:10:5-79
16-->src\main\AndroidManifest.xml:10:22-76
17    <uses-permission android:name="android.permission.READ_PHONE_STATE" />
17-->src\main\AndroidManifest.xml:11:5-75
17-->src\main\AndroidManifest.xml:11:22-72
18    <uses-permission android:name="android.permission.READ_EXTERNAL_STORAGE" />
18-->src\main\AndroidManifest.xml:12:5-80
18-->src\main\AndroidManifest.xml:12:22-77
19    <uses-permission android:name="android.permission.WRITE_EXTERNAL_STORAGE" />
19-->src\main\AndroidManifest.xml:13:5-81
19-->src\main\AndroidManifest.xml:13:22-78
20    <uses-permission android:name="android.permission.ACCESS_FINE_LOCATION" />
20-->src\main\AndroidManifest.xml:14:5-79
20-->src\main\AndroidManifest.xml:14:22-76
21
22    <!-- Google Play filtering -->
23    <uses-feature
23-->src\main\AndroidManifest.xml:17:5-88
24        android:name="android.hardware.wifi.direct"
24-->src\main\AndroidManifest.xml:17:19-62
25        android:required="true" />
25-->src\main\AndroidManifest.xml:17:63-86
26
27    <application
27-->src\main\AndroidManifest.xml:19:5-47:19
28        android:appComponentFactory="android.support.v4.app.CoreComponentFactory"
28-->[com.android.support:support-compat:28.0.0] AndroidManifest.xml:22:18-91
29        android:debuggable="true"
30        android:icon="@drawable/ic_launcher"
30-->src\main\AndroidManifest.xml:20:9-45
31        android:label="@string/app_name"
31-->src\main\AndroidManifest.xml:21:9-41
32        android:theme="@android:style/Theme.Holo" >
32-->src\main\AndroidManifest.xml:22:9-50
33        <activity
33-->src\main\AndroidManifest.xml:23:9-32:20
34            android:name="com.example.android.wifidirect.WiFiDirectActivity"
34-->src\main\AndroidManifest.xml:24:13-47
35            android:label="@string/app_name"
35-->src\main\AndroidManifest.xml:25:13-45
36            android:launchMode="singleTask" >
36-->src\main\AndroidManifest.xml:25:46-77
37            <intent-filter>
37-->src\main\AndroidManifest.xml:26:13-31:29
38                <action android:name="android.intent.action.MAIN" />
38-->src\main\AndroidManifest.xml:27:17-28:65
38-->src\main\AndroidManifest.xml:28:21-62
39
40                <category android:name="android.intent.category.LAUNCHER" />
40-->src\main\AndroidManifest.xml:29:17-30:71
40-->src\main\AndroidManifest.xml:30:21-68
41            </intent-filter>
42        </activity>
43
44        <provider
44-->src\main\AndroidManifest.xml:34:9-42:20
45            android:name="android.support.v4.content.FileProvider"
45-->src\main\AndroidManifest.xml:35:13-67
46            android:authorities="com.example.android.wifidirect.fileprovider"
46-->src\main\AndroidManifest.xml:36:13-78
47            android:exported="false"
47-->src\main\AndroidManifest.xml:37:13-37
48            android:grantUriPermissions="true" >
48-->src\main\AndroidManifest.xml:38:13-47
49            <meta-data
49-->src\main\AndroidManifest.xml:39:13-41:58
50                android:name="android.support.FILE_PROVIDER_PATHS"
50-->src\main\AndroidManifest.xml:40:17-67
51                android:resource="@xml/provider_paths" />
51-->src\main\AndroidManifest.xml:41:17-55
52        </provider>
53
54        <!-- Used for transferring files  after a successful connection -->
55        <service
55-->src\main\AndroidManifest.xml:45:9-79
56            android:name="com.example.android.wifidirect.FileTransferService"
56-->src\main\AndroidManifest.xml:45:41-76
57            android:enabled="true" />
57-->src\main\AndroidManifest.xml:45:18-40
58    </application>
59
60</manifest>